22:49:34 **** Auto Build of configuration Debug for project camera_split_app ****
make all 
'Building file: ../src/camera_app.c'
'Invoking: ARM gcc compiler'
arm-xilinx-eabi-gcc -Wall -O0 -g3 -c -fmessage-length=0 -I../../standalone_bsp_0/ps7_cortexa9_0/include -MMD -MP -MF"src/camera_app.d" -MT"src/camera_app.d" -o "src/camera_app.o" "../src/camera_app.c"
In file included from ../src/camera_app.c:20:0:
../src/scaler_config.h: In function 'set_scale_factor':
../src/scaler_config.h:92:20: warning: initialization from incompatible pointer type [enabled by default]
../src/scaler_config.h:96:13: warning: assignment from incompatible pointer type [enabled by default]
In file included from ../src/camera_app.c:21:0:
../../standalone_bsp_0/ps7_cortexa9_0/include/xscaler.h: At top level:
../../standalone_bsp_0/ps7_cortexa9_0/include/xscaler.h:571:1: warning: multi-line comment [-Wcomment]
../../standalone_bsp_0/ps7_cortexa9_0/include/xscaler.h:590:1: warning: multi-line comment [-Wcomment]
../../standalone_bsp_0/ps7_cortexa9_0/include/xscaler.h:615:1: warning: multi-line comment [-Wcomment]
../../standalone_bsp_0/ps7_cortexa9_0/include/xscaler.h:643:1: warning: multi-line comment [-Wcomment]
../../standalone_bsp_0/ps7_cortexa9_0/include/xscaler.h:665:1: warning: multi-line comment [-Wcomment]
../../standalone_bsp_0/ps7_cortexa9_0/include/xscaler.h:690:1: warning: multi-line comment [-Wcomment]
../src/camera_app.c: In function 'main':
../src/camera_app.c:34:2: warning: large integer implicitly truncated to unsigned type [-Woverflow]
../src/camera_app.c:41:2: warning: value computed is not used [-Wunused-value]
../src/camera_app.c:55:26: error: expected expression before 'u16'
../src/camera_app.c:55:26: error: too few arguments to function 'XScaler_SetPhaseNum'
In file included from ../src/camera_app.c:21:0:
../../standalone_bsp_0/ps7_cortexa9_0/include/xscaler.h:712:6: note: declared here
../src/camera_app.c:56:26: error: expected expression before 'u16'
../src/camera_app.c:56:26: error: too few arguments to function 'XScaler_GetPhaseNum'
In file included from ../src/camera_app.c:21:0:
../../standalone_bsp_0/ps7_cortexa9_0/include/xscaler.h:714:6: note: declared here
../src/camera_app.c:59:31: error: expected expression before 'XScalerStartFraction'
../src/camera_app.c:60:31: error: expected expression before 'XScalerStartFraction'
../src/camera_app.c:64:28: error: expected expression before 'XScalerCoeffBank'
../src/camera_app.c:67:32: error: expected expression before 'u8'
../src/camera_app.c:67:32: error: too few arguments to function 'XScaler_SetActiveCoeffSet'
In file included from ../src/camera_app.c:21:0:
../../standalone_bsp_0/ps7_cortexa9_0/include/xscaler.h:727:6: note: declared here
../src/camera_app.c:70:32: error: expected expression before 'u8'
../src/camera_app.c:70:32: error: too few arguments to function 'XScaler_GetActiveCoeffSet'
In file included from ../src/camera_app.c:21:0:
../../standalone_bsp_0/ps7_cortexa9_0/include/xscaler.h:730:6: note: declared here
../src/camera_app.c:73:34: error: expected expression before 'XScaler'
../src/camera_app.c:73:34: error: too few arguments to function 'XScaler_GetCoeffBankSharingInfo'
In file included from ../src/camera_app.c:21:0:
../../standalone_bsp_0/ps7_cortexa9_0/include/xscaler.h:733:6: note: declared here
../src/camera_app.c:39:23: warning: unused variable 'h' [-Wunused-variable]
In file included from ../src/camera_app.c:20:0:
../src/camera_app.c: In function 'set_aperature':
../src/scaler_config.h:80:1: warning: control reaches end of non-void function [-Wreturn-type]
make: *** [src/camera_app.o] Error 1

22:49:34 Build Finished (took 250ms)

